This is pdfTeX, Version 3.141592653-2.6-1.40.24 (MiKTeX 23.1) (preloaded format=pdflatex 2023.3.24)  11 SEP 2024 17:12
entering extended mode
 restricted \write18 enabled.
 %&-line parsing enabled.
**./Algebre-Notes.tex
(Algebre-Notes.tex
LaTeX2e <2022-11-01> patch level 1
L3 programming layer <2023-02-22>
(C:\Users\Thomas ARROUS\AppData\Local\Programs\MiKTeX\tex/latex/base\article.cl
s
Document Class: article 2022/07/02 v1.4n Standard LaTeX document class

(C:\Users\Thomas ARROUS\AppData\Local\Programs\MiKTeX\tex/latex/base\size10.clo
File: size10.clo 2022/07/02 v1.4n Standard LaTeX file (size option)
)
\c@part=\count185
\c@section=\count186
\c@subsection=\count187
\c@subsubsection=\count188
\c@paragraph=\count189
\c@subparagraph=\count190
\c@figure=\count191
\c@table=\count192
\abovecaptionskip=\skip48
\belowcaptionskip=\skip49
\bibindent=\dimen140
)
(C:\Users\Thomas ARROUS\AppData\Local\Programs\MiKTeX\tex/latex/base\inputenc.s
ty
Package: inputenc 2021/02/14 v1.3d Input encoding file
\inpenc@prehook=\toks16
\inpenc@posthook=\toks17
)
(C:\Users\Thomas ARROUS\AppData\Local\Programs\MiKTeX\tex/latex/base\fontenc.st
y
Package: fontenc 2021/04/29 v2.0v Standard LaTeX package
)
(C:\Users\Thomas ARROUS\AppData\Local\Programs\MiKTeX\tex/latex/amsmath\amsmath
.sty
Package: amsmath 2022/04/08 v2.17n AMS math features
\@mathmargin=\skip50

For additional information on amsmath, use the `?' option.

(C:\Users\Thomas ARROUS\AppData\Local\Programs\MiKTeX\tex/latex/amsmath\amstext
.sty
Package: amstext 2021/08/26 v2.01 AMS text

(C:\Users\Thomas ARROUS\AppData\Local\Programs\MiKTeX\tex/latex/amsmath\amsgen.
sty
File: amsgen.sty 1999/11/30 v2.0 generic functions
\@emptytoks=\toks18
\ex@=\dimen141
))
(C:\Users\Thomas ARROUS\AppData\Local\Programs\MiKTeX\tex/latex/amsmath\amsbsy.
sty
Package: amsbsy 1999/11/29 v1.2d Bold Symbols
\pmbraise@=\dimen142
)
(C:\Users\Thomas ARROUS\AppData\Local\Programs\MiKTeX\tex/latex/amsmath\amsopn.
sty
Package: amsopn 2022/04/08 v2.04 operator names
)
\inf@bad=\count193
LaTeX Info: Redefining \frac on input line 234.
\uproot@=\count194
\leftroot@=\count195
LaTeX Info: Redefining \overline on input line 399.
LaTeX Info: Redefining \colon on input line 410.
\classnum@=\count196
\DOTSCASE@=\count197
LaTeX Info: Redefining \ldots on input line 496.
LaTeX Info: Redefining \dots on input line 499.
LaTeX Info: Redefining \cdots on input line 620.
\Mathstrutbox@=\box51
\strutbox@=\box52
LaTeX Info: Redefining \big on input line 722.
LaTeX Info: Redefining \Big on input line 723.
LaTeX Info: Redefining \bigg on input line 724.
LaTeX Info: Redefining \Bigg on input line 725.
\big@size=\dimen143
LaTeX Font Info:    Redeclaring font encoding OML on input line 743.
LaTeX Font Info:    Redeclaring font encoding OMS on input line 744.
\macc@depth=\count198
LaTeX Info: Redefining \bmod on input line 905.
LaTeX Info: Redefining \pmod on input line 910.
LaTeX Info: Redefining \smash on input line 940.
LaTeX Info: Redefining \relbar on input line 970.
LaTeX Info: Redefining \Relbar on input line 971.
\c@MaxMatrixCols=\count199
\dotsspace@=\muskip16
\c@parentequation=\count266
\dspbrk@lvl=\count267
\tag@help=\toks19
\row@=\count268
\column@=\count269
\maxfields@=\count270
\andhelp@=\toks20
\eqnshift@=\dimen144
\alignsep@=\dimen145
\tagshift@=\dimen146
\tagwidth@=\dimen147
\totwidth@=\dimen148
\lineht@=\dimen149
\@envbody=\toks21
\multlinegap=\skip51
\multlinetaggap=\skip52
\mathdisplay@stack=\toks22
LaTeX Info: Redefining \[ on input line 2953.
LaTeX Info: Redefining \] on input line 2954.
)
(C:\Users\Thomas ARROUS\AppData\Local\Programs\MiKTeX\tex/latex/amsfonts\amsfon
ts.sty
Package: amsfonts 2013/01/14 v3.01 Basic AMSFonts support
\symAMSa=\mathgroup4
\symAMSb=\mathgroup5
LaTeX Font Info:    Redeclaring math symbol \hbar on input line 98.
LaTeX Font Info:    Overwriting math alphabet `\mathfrak' in version `bold'
(Font)                  U/euf/m/n --> U/euf/b/n on input line 106.
)
(C:\Users\Thomas ARROUS\AppData\Local\Programs\MiKTeX\tex/latex/amsfonts\amssym
b.sty
Package: amssymb 2013/01/14 v3.01 AMS font symbols
)
(C:\Users\Thomas ARROUS\AppData\Local\Programs\MiKTeX\tex/latex/amscls\amsthm.s
ty
Package: amsthm 2020/05/29 v2.20.6
\thm@style=\toks23
\thm@bodyfont=\toks24
\thm@headfont=\toks25
\thm@notefont=\toks26
\thm@headpunct=\toks27
\thm@preskip=\skip53
\thm@postskip=\skip54
\thm@headsep=\skip55
\dth@everypar=\toks28
)
(C:\Users\Thomas ARROUS\AppData\Local\Programs\MiKTeX\tex/latex/doublestroke\ds
font.sty
Package: dsfont 1995/08/01 v0.1 Double stroke roman fonts
)
(C:\Users\Thomas ARROUS\AppData\Local\Programs\MiKTeX\tex/latex/jknappen\mathrs
fs.sty
Package: mathrsfs 1996/01/01 Math RSFS package v1.0 (jk)
\symrsfs=\mathgroup6
)
(C:\Users\Thomas ARROUS\AppData\Local\Programs\MiKTeX\tex/latex/mathtools\matht
ools.sty
Package: mathtools 2022/06/29 v1.29 mathematical typesetting tools

(C:\Users\Thomas ARROUS\AppData\Local\Programs\MiKTeX\tex/latex/graphics\keyval
.sty
Package: keyval 2022/05/29 v1.15 key=value parser (DPC)
\KV@toks@=\toks29
)
(C:\Users\Thomas ARROUS\AppData\Local\Programs\MiKTeX\tex/latex/tools\calc.sty
Package: calc 2017/05/25 v4.3 Infix arithmetic (KKT,FJ)
\calc@Acount=\count271
\calc@Bcount=\count272
\calc@Adimen=\dimen150
\calc@Bdimen=\dimen151
\calc@Askip=\skip56
\calc@Bskip=\skip57
LaTeX Info: Redefining \setlength on input line 80.
LaTeX Info: Redefining \addtolength on input line 81.
\calc@Ccount=\count273
\calc@Cskip=\skip58
)
(C:\Users\Thomas ARROUS\AppData\Local\Programs\MiKTeX\tex/latex/mathtools\mhset
up.sty
Package: mhsetup 2021/03/18 v1.4 programming setup (MH)
)
\g_MT_multlinerow_int=\count274
\l_MT_multwidth_dim=\dimen152
\origjot=\skip59
\l_MT_shortvdotswithinadjustabove_dim=\dimen153
\l_MT_shortvdotswithinadjustbelow_dim=\dimen154
\l_MT_above_intertext_sep=\dimen155
\l_MT_below_intertext_sep=\dimen156
\l_MT_above_shortintertext_sep=\dimen157
\l_MT_below_shortintertext_sep=\dimen158
\xmathstrut@box=\box53
\xmathstrut@dim=\dimen159
)
(C:\Users\Thomas ARROUS\AppData\Local\Programs\MiKTeX\tex/latex/esdiff\esdiff.s
ty
Package: esdiff 
)
(C:\Users\Thomas ARROUS\AppData\Local\Programs\MiKTeX\tex/latex/geometry\geomet
ry.sty
Package: geometry 2020/01/02 v5.9 Page Geometry

(C:\Users\Thomas ARROUS\AppData\Local\Programs\MiKTeX\tex/generic/iftex\ifvtex.
sty
Package: ifvtex 2019/10/25 v1.7 ifvtex legacy package. Use iftex instead.

(C:\Users\Thomas ARROUS\AppData\Local\Programs\MiKTeX\tex/generic/iftex\iftex.s
ty
Package: iftex 2022/02/03 v1.0f TeX engine tests
))
\Gm@cnth=\count275
\Gm@cntv=\count276
\c@Gm@tempcnt=\count277
\Gm@bindingoffset=\dimen160
\Gm@wd@mp=\dimen161
\Gm@odd@mp=\dimen162
\Gm@even@mp=\dimen163
\Gm@layoutwidth=\dimen164
\Gm@layoutheight=\dimen165
\Gm@layouthoffset=\dimen166
\Gm@layoutvoffset=\dimen167
\Gm@dimlist=\toks30

(C:\Users\Thomas ARROUS\AppData\Local\Programs\MiKTeX\tex/latex/geometry\geomet
ry.cfg))
(C:\Users\Thomas ARROUS\AppData\Local\Programs\MiKTeX\tex/latex/hyperref\hyperr
ef.sty
Package: hyperref 2023-02-07 v7.00v Hypertext links for LaTeX

(C:\Users\Thomas ARROUS\AppData\Local\Programs\MiKTeX\tex/generic/ltxcmds\ltxcm
ds.sty
Package: ltxcmds 2020-05-10 v1.25 LaTeX kernel commands for general use (HO)
)
(C:\Users\Thomas ARROUS\AppData\Local\Programs\MiKTeX\tex/generic/pdftexcmds\pd
ftexcmds.sty
Package: pdftexcmds 2020-06-27 v0.33 Utility functions of pdfTeX for LuaTeX (HO
)

(C:\Users\Thomas ARROUS\AppData\Local\Programs\MiKTeX\tex/generic/infwarerr\inf
warerr.sty
Package: infwarerr 2019/12/03 v1.5 Providing info/warning/error messages (HO)
)
Package pdftexcmds Info: \pdf@primitive is available.
Package pdftexcmds Info: \pdf@ifprimitive is available.
Package pdftexcmds Info: \pdfdraftmode found.
)
(C:\Users\Thomas ARROUS\AppData\Local\Programs\MiKTeX\tex/latex/kvsetkeys\kvset
keys.sty
Package: kvsetkeys 2022-10-05 v1.19 Key value parser (HO)
)
(C:\Users\Thomas ARROUS\AppData\Local\Programs\MiKTeX\tex/generic/kvdefinekeys\
kvdefinekeys.sty
Package: kvdefinekeys 2019-12-19 v1.6 Define keys (HO)
)
(C:\Users\Thomas ARROUS\AppData\Local\Programs\MiKTeX\tex/generic/pdfescape\pdf
escape.sty
Package: pdfescape 2019/12/09 v1.15 Implements pdfTeX's escape features (HO)
)
(C:\Users\Thomas ARROUS\AppData\Local\Programs\MiKTeX\tex/latex/hycolor\hycolor
.sty
Package: hycolor 2020-01-27 v1.10 Color options for hyperref/bookmark (HO)
)
(C:\Users\Thomas ARROUS\AppData\Local\Programs\MiKTeX\tex/latex/letltxmacro\let
ltxmacro.sty
Package: letltxmacro 2019/12/03 v1.6 Let assignment for LaTeX macros (HO)
)
(C:\Users\Thomas ARROUS\AppData\Local\Programs\MiKTeX\tex/latex/auxhook\auxhook
.sty
Package: auxhook 2019-12-17 v1.6 Hooks for auxiliary files (HO)
)
(C:\Users\Thomas ARROUS\AppData\Local\Programs\MiKTeX\tex/latex/hyperref\namere
f.sty
Package: nameref 2022-05-17 v2.50 Cross-referencing by name of section

(C:\Users\Thomas ARROUS\AppData\Local\Programs\MiKTeX\tex/latex/refcount\refcou
nt.sty
Package: refcount 2019/12/15 v3.6 Data extraction from label references (HO)
)
(C:\Users\Thomas ARROUS\AppData\Local\Programs\MiKTeX\tex/generic/gettitlestrin
g\gettitlestring.sty
Package: gettitlestring 2019/12/15 v1.6 Cleanup title references (HO)

(C:\Users\Thomas ARROUS\AppData\Local\Programs\MiKTeX\tex/latex/kvoptions\kvopt
ions.sty
Package: kvoptions 2022-06-15 v3.15 Key value format for package options (HO)
))
\c@section@level=\count278
)
\@linkdim=\dimen168
\Hy@linkcounter=\count279
\Hy@pagecounter=\count280

(C:\Users\Thomas ARROUS\AppData\Local\Programs\MiKTeX\tex/latex/hyperref\pd1enc
.def
File: pd1enc.def 2023-02-07 v7.00v Hyperref: PDFDocEncoding definition (HO)
Now handling font encoding PD1 ...
... no UTF-8 mapping file for font encoding PD1
)
(C:\Users\Thomas ARROUS\AppData\Local\Programs\MiKTeX\tex/generic/intcalc\intca
lc.sty
Package: intcalc 2019/12/15 v1.3 Expandable calculations with integers (HO)
)
(C:\Users\Thomas ARROUS\AppData\Local\Programs\MiKTeX\tex/generic/etexcmds\etex
cmds.sty
Package: etexcmds 2019/12/15 v1.7 Avoid name clashes with e-TeX commands (HO)
)
\Hy@SavedSpaceFactor=\count281

(C:\Users\Thomas ARROUS\AppData\Local\Programs\MiKTeX\tex/latex/hyperref\puenc.
def
File: puenc.def 2023-02-07 v7.00v Hyperref: PDF Unicode definition (HO)
Now handling font encoding PU ...
... no UTF-8 mapping file for font encoding PU
)
Package hyperref Info: Hyper figures OFF on input line 4177.
Package hyperref Info: Link nesting OFF on input line 4182.
Package hyperref Info: Hyper index ON on input line 4185.
Package hyperref Info: Plain pages OFF on input line 4192.
Package hyperref Info: Backreferencing OFF on input line 4197.
Package hyperref Info: Implicit mode ON; LaTeX internals redefined.
Package hyperref Info: Bookmarks ON on input line 4425.
\c@Hy@tempcnt=\count282

(C:\Users\Thomas ARROUS\AppData\Local\Programs\MiKTeX\tex/latex/url\url.sty
\Urlmuskip=\muskip17
Package: url 2013/09/16  ver 3.4  Verb mode for urls, etc.
)
LaTeX Info: Redefining \url on input line 4763.
\XeTeXLinkMargin=\dimen169

(C:\Users\Thomas ARROUS\AppData\Local\Programs\MiKTeX\tex/generic/bitset\bitset
.sty
Package: bitset 2019/12/09 v1.3 Handle bit-vector datatype (HO)

(C:\Users\Thomas ARROUS\AppData\Local\Programs\MiKTeX\tex/generic/bigintcalc\bi
gintcalc.sty
Package: bigintcalc 2019/12/15 v1.5 Expandable calculations on big integers (HO
)
))
\Fld@menulength=\count283
\Field@Width=\dimen170
\Fld@charsize=\dimen171
Package hyperref Info: Hyper figures OFF on input line 6042.
Package hyperref Info: Link nesting OFF on input line 6047.
Package hyperref Info: Hyper index ON on input line 6050.
Package hyperref Info: backreferencing OFF on input line 6057.
Package hyperref Info: Link coloring OFF on input line 6062.
Package hyperref Info: Link coloring with OCG OFF on input line 6067.
Package hyperref Info: PDF/A mode OFF on input line 6072.

(C:\Users\Thomas ARROUS\AppData\Local\Programs\MiKTeX\tex/latex/base\atbegshi-l
tx.sty
Package: atbegshi-ltx 2021/01/10 v1.0c Emulation of the original atbegshi
package with kernel methods
)
\Hy@abspage=\count284
\c@Item=\count285
\c@Hfootnote=\count286
)
Package hyperref Info: Driver (autodetected): hpdftex.

(C:\Users\Thomas ARROUS\AppData\Local\Programs\MiKTeX\tex/latex/hyperref\hpdfte
x.def
File: hpdftex.def 2023-02-07 v7.00v Hyperref driver for pdfTeX

(C:\Users\Thomas ARROUS\AppData\Local\Programs\MiKTeX\tex/latex/base\atveryend-
ltx.sty
Package: atveryend-ltx 2020/08/19 v1.0a Emulation of the original atveryend pac
kage
with kernel methods
)
\Fld@listcount=\count287
\c@bookmark@seq@number=\count288

(C:\Users\Thomas ARROUS\AppData\Local\Programs\MiKTeX\tex/latex/rerunfilecheck\
rerunfilecheck.sty
Package: rerunfilecheck 2022-07-10 v1.10 Rerun checks for auxiliary files (HO)

(C:\Users\Thomas ARROUS\AppData\Local\Programs\MiKTeX\tex/generic/uniquecounter
\uniquecounter.sty
Package: uniquecounter 2019/12/15 v1.4 Provide unlimited unique counter (HO)
)
Package uniquecounter Info: New unique counter `rerunfilecheck' on input line 2
85.
)
\Hy@SectionHShift=\skip60
)
(C:\Users\Thomas ARROUS\AppData\Local\Programs\MiKTeX\tex/latex/xcolor\xcolor.s
ty
Package: xcolor 2022/06/12 v2.14 LaTeX color extensions (UK)

(C:\Users\Thomas ARROUS\AppData\Local\Programs\MiKTeX\tex/latex/graphics-cfg\co
lor.cfg
File: color.cfg 2016/01/02 v1.6 sample color configuration
)
Package xcolor Info: Driver file: pdftex.def on input line 227.

(C:\Users\Thomas ARROUS\AppData\Local\Programs\MiKTeX\tex/latex/graphics-def\pd
ftex.def
File: pdftex.def 2022/09/22 v1.2b Graphics/color driver for pdftex
)
(C:\Users\Thomas ARROUS\AppData\Local\Programs\MiKTeX\tex/latex/graphics\mathco
lor.ltx)
Package xcolor Info: Model `cmy' substituted by `cmy0' on input line 1353.
Package xcolor Info: Model `hsb' substituted by `rgb' on input line 1357.
Package xcolor Info: Model `RGB' extended on input line 1369.
Package xcolor Info: Model `HTML' substituted by `rgb' on input line 1371.
Package xcolor Info: Model `Hsb' substituted by `hsb' on input line 1372.
Package xcolor Info: Model `tHsb' substituted by `hsb' on input line 1373.
Package xcolor Info: Model `HSB' substituted by `hsb' on input line 1374.
Package xcolor Info: Model `Gray' substituted by `gray' on input line 1375.
Package xcolor Info: Model `wave' substituted by `hsb' on input line 1376.
)
Package hyperref Info: Option `colorlinks' set `true' on input line 26.

(C:\Users\Thomas ARROUS\AppData\Local\Programs\MiKTeX\tex/generic/babel\babel.s
ty
Package: babel 2023/02/13 3.86 The Babel package
\babel@savecnt=\count289
\U@D=\dimen172
\l@unhyphenated=\language79

(C:\Users\Thomas ARROUS\AppData\Local\Programs\MiKTeX\tex/generic/babel\txtbabe
l.def)
\bbl@readstream=\read2
\bbl@dirlevel=\count290

*************************************
* Local config file bblopts.cfg used
*

(C:\Users\Thomas ARROUS\AppData\Local\Programs\MiKTeX\tex/latex/arabi\bblopts.c
fg
File: bblopts.cfg 2005/09/08 v0.1 add Arabic and Farsi to "declared" options of
 babel
)
(C:\Users\Thomas ARROUS\AppData\Local\Programs\MiKTeX\tex/generic/babel-french\
french.ldf
Language: french 2023/03/08 v3.5q French support from the babel system
Package babel Info: Hyphen rules for 'acadian' set to \l@french
(babel)             (\language22). Reported on input line 91.
Package babel Info: Hyphen rules for 'canadien' set to \l@french
(babel)             (\language22). Reported on input line 92.
\FB@nonchar=\count291
Package babel Info: Making : an active character on input line 395.
Package babel Info: Making ; an active character on input line 396.
Package babel Info: Making ! an active character on input line 397.
Package babel Info: Making ? an active character on input line 398.
\FBguill@level=\count292
\FBold@everypar=\toks31
\FB@Mht=\dimen173
\mc@charclass=\count293
\mc@charfam=\count294
\mc@charslot=\count295
\std@mcc=\count296
\dec@mcc=\count297
\FB@parskip=\dimen174
\listindentFB=\dimen175
\descindentFB=\dimen176
\labelindentFB=\dimen177
\labelwidthFB=\dimen178
\leftmarginFB=\dimen179
\parindentFFN=\dimen180
\FBfnindent=\dimen181
))
(C:\Users\Thomas ARROUS\AppData\Local\Programs\MiKTeX\tex/generic/babel/locale/
fr\babel-french.tex
Package babel Info: Importing font and identification data for french
(babel)             from babel-fr.ini. Reported on input line 11.
)
(C:\Users\Thomas ARROUS\AppData\Local\Programs\MiKTeX\tex/latex/carlisle\scalef
nt.sty)
(C:\Users\Thomas ARROUS\AppData\Local\Programs\MiKTeX\tex/latex/enumitem\enumit
em.sty
Package: enumitem 2019/06/20 v3.9 Customized lists
\labelindent=\skip61
\enit@outerparindent=\dimen182
\enit@toks=\toks32
\enit@inbox=\box54
\enit@count@id=\count298
\enitdp@description=\count299
)
(C:\Users\Thomas ARROUS\AppData\Local\Programs\MiKTeX\tex/latex/fancyhdr\fancyh
dr.sty
Package: fancyhdr 2022/11/09 v4.1 Extensive control of page headers and footers

\f@nch@headwidth=\skip62
\f@nch@O@elh=\skip63
\f@nch@O@erh=\skip64
\f@nch@O@olh=\skip65
\f@nch@O@orh=\skip66
\f@nch@O@elf=\skip67
\f@nch@O@erf=\skip68
\f@nch@O@olf=\skip69
\f@nch@O@orf=\skip70
)
\c@thm=\count300
\c@prop=\count301
\c@lem=\count302
\c@cor=\count303
\c@rem=\count304
\c@rap=\count305
\c@dem=\count306
\c@defi=\count307
\c@ex=\count308

(C:\Users\Thomas ARROUS\AppData\Local\Programs\MiKTeX\tex/latex/l3backend\l3bac
kend-pdftex.def
File: l3backend-pdftex.def 2023-01-16 L3 backend support: PDF output (pdfTeX)
\l__color_backend_stack_int=\count309
\l__pdf_internal_box=\box55
) (Algebre-Notes.aux)
\openout1 = `Algebre-Notes.aux'.

LaTeX Font Info:    Checking defaults for OML/cmm/m/it on input line 52.
LaTeX Font Info:    ... okay on input line 52.
LaTeX Font Info:    Checking defaults for OMS/cmsy/m/n on input line 52.
LaTeX Font Info:    ... okay on input line 52.
LaTeX Font Info:    Checking defaults for OT1/cmr/m/n on input line 52.
LaTeX Font Info:    ... okay on input line 52.
LaTeX Font Info:    Checking defaults for T1/cmr/m/n on input line 52.
LaTeX Font Info:    ... okay on input line 52.
LaTeX Font Info:    Checking defaults for TS1/cmr/m/n on input line 52.
LaTeX Font Info:    ... okay on input line 52.
LaTeX Font Info:    Checking defaults for OMX/cmex/m/n on input line 52.
LaTeX Font Info:    ... okay on input line 52.
LaTeX Font Info:    Checking defaults for U/cmr/m/n on input line 52.
LaTeX Font Info:    ... okay on input line 52.
LaTeX Font Info:    Checking defaults for PD1/pdf/m/n on input line 52.
LaTeX Font Info:    ... okay on input line 52.
LaTeX Font Info:    Checking defaults for PU/pdf/m/n on input line 52.
LaTeX Font Info:    ... okay on input line 52.

(C:\Users\Thomas ARROUS\AppData\Local\Programs\MiKTeX\tex/latex/graphics\graphi
cx.sty
Package: graphicx 2021/09/16 v1.2d Enhanced LaTeX Graphics (DPC,SPQR)

(C:\Users\Thomas ARROUS\AppData\Local\Programs\MiKTeX\tex/latex/graphics\graphi
cs.sty
Package: graphics 2022/03/10 v1.4e Standard LaTeX Graphics (DPC,SPQR)

(C:\Users\Thomas ARROUS\AppData\Local\Programs\MiKTeX\tex/latex/graphics\trig.s
ty
Package: trig 2021/08/11 v1.11 sin cos tan (DPC)
)
(C:\Users\Thomas ARROUS\AppData\Local\Programs\MiKTeX\tex/latex/graphics-cfg\gr
aphics.cfg
File: graphics.cfg 2016/06/04 v1.11 sample graphics configuration
)
Package graphics Info: Driver file: pdftex.def on input line 107.
)
\Gin@req@height=\dimen183
\Gin@req@width=\dimen184
)
*geometry* driver: auto-detecting
*geometry* detected driver: pdftex
*geometry* verbose mode - [ preamble ] result:
* driver: pdftex
* paper: <default>
* layout: <same size as paper>
* layoutoffset:(h,v)=(0.0pt,0.0pt)
* modes: 
* h-part:(L,W,R)=(92.14519pt, 430.00462pt, 92.14519pt)
* v-part:(T,H,B)=(95.39737pt, 556.47656pt, 143.09605pt)
* \paperwidth=614.295pt
* \paperheight=794.96999pt
* \textwidth=430.00462pt
* \textheight=556.47656pt
* \oddsidemargin=19.8752pt
* \evensidemargin=19.8752pt
* \topmargin=-13.87262pt
* \headheight=12.0pt
* \headsep=25.0pt
* \topskip=10.0pt
* \footskip=30.0pt
* \marginparwidth=65.0pt
* \marginparsep=11.0pt
* \columnsep=10.0pt
* \skip\footins=9.0pt plus 4.0pt minus 2.0pt
* \hoffset=0.0pt
* \voffset=0.0pt
* \mag=1000
* \@twocolumnfalse
* \@twosidefalse
* \@mparswitchfalse
* \@reversemarginfalse
* (1in=72.27pt=25.4mm, 1cm=28.453pt)

Package hyperref Info: Link coloring ON on input line 52.
(Algebre-Notes.out) (Algebre-Notes.out)
\@outlinefile=\write3
\openout3 = `Algebre-Notes.out'.


(C:\Users\Thomas ARROUS\AppData\Local\Programs\MiKTeX\tex/context/base/mkii\sup
p-pdf.mkii
[Loading MPS to PDF converter (version 2006.09.02).]
\scratchcounter=\count310
\scratchdimen=\dimen185
\scratchbox=\box56
\nofMPsegments=\count311
\nofMParguments=\count312
\everyMPshowfont=\toks33
\MPscratchCnt=\count313
\MPscratchDim=\dimen186
\MPnumerator=\count314
\makeMPintoPDFobject=\count315
\everyMPtoPDFconversion=\toks34
)
(C:\Users\Thomas ARROUS\AppData\Local\Programs\MiKTeX\tex/latex/epstopdf-pkg\ep
stopdf-base.sty
Package: epstopdf-base 2020-01-24 v2.11 Base part for package epstopdf
Package epstopdf-base Info: Redefining graphics rule for `.eps' on input line 4
85.

(C:\Users\Thomas ARROUS\AppData\Local\Programs\MiKTeX\tex/latex/00miktex\epstop
df-sys.cfg
File: epstopdf-sys.cfg 2021/03/18 v2.0 Configuration of epstopdf for MiKTeX
))
LaTeX Info: Redefining \degres on input line 52.
Package french.ldf Info: Setting StandardItemizeEnv=true for
(french.ldf)             compatibility with enumitem package,
(french.ldf)             reported on input line 52.
Package french.ldf Info: Setting StandardEnumerateEnv=true for
(french.ldf)             compatibility with enumitem package,
(french.ldf)             reported on input line 52.
LaTeX Info: Redefining \up on input line 52.
 [1

{C:/Users/Thomas ARROUS/AppData/Local/MiKTeX/fonts/map/pdftex/pdftex.map}] (Alg
ebre-Notes.toc)
\tf@toc=\write4
\openout4 = `Algebre-Notes.toc'.



Package fancyhdr Warning: \headheight is too small (12.0pt): 
(fancyhdr)                Make it at least 12.1638pt, for example:
(fancyhdr)                \setlength{\headheight}{12.1638pt}.
(fancyhdr)                You might also make \topmargin smaller to compensate:

(fancyhdr)                \addtolength{\topmargin}{-0.1638pt}.


pdfTeX warning (ext4): destination with the same identifier (name{page.1}) has 
been already used, duplicate ignored
<to be read again> 
                   \relax 
l.77 	\newpage
               [1] (contents/index.tex (contents/division_euclidienne.tex
LaTeX Font Info:    Trying to load font information for U+msa on input line 3.

(C:\Users\Thomas ARROUS\AppData\Local\Programs\MiKTeX\tex/latex/amsfonts\umsa.f
d
File: umsa.fd 2013/01/14 v3.01 AMS symbols A
)
LaTeX Font Info:    Trying to load font information for U+msb on input line 3.

(C:\Users\Thomas ARROUS\AppData\Local\Programs\MiKTeX\tex/latex/amsfonts\umsb.f
d
File: umsb.fd 2013/01/14 v3.01 AMS symbols B
)
LaTeX Font Info:    Trying to load font information for U+rsfs on input line 3.


(C:\Users\Thomas ARROUS\AppData\Local\Programs\MiKTeX\tex/latex/jknappen\ursfs.
fd
File: ursfs.fd 1998/03/24 rsfs font definition file (jk)
)
Underfull \hbox (badness 10000) in paragraph at lines 13--24

 []


Overfull \hbox (99.02303pt too wide) in paragraph at lines 54--68
[]
 []

[2]
Underfull \hbox (badness 10000) in paragraph at lines 163--165

 []

[3]

LaTeX Warning: Command \textbackslash invalid in math mode on input line 236.

[4] [5]
Underfull \hbox (badness 10000) in paragraph at lines 351--355

 []

[6]
Underfull \hbox (badness 10000) in paragraph at lines 427--428

 []


Underfull \hbox (badness 10000) in paragraph at lines 436--442

 []

[7]
Underfull \hbox (badness 10000) in paragraph at lines 487--492

 []

)) [8] (Algebre-Notes.aux)
Package rerunfilecheck Info: File `Algebre-Notes.out' has not changed.
(rerunfilecheck)             Checksum: D793E016FA58751B29EC69A649E8D146;249.
 ) 
Here is how much of TeX's memory you used:
 13796 strings out of 476334
 221051 string characters out of 5784159
 1866382 words of memory out of 5000000
 33945 multiletter control sequences out of 15000+600000
 521721 words of font info for 53 fonts, out of 8000000 for 9000
 1141 hyphenation exceptions out of 8191
 75i,12n,76p,322b,562s stack positions out of 10000i,1000n,20000p,200000b,200000s
 <C:\Users\Thomas ARROUS\AppData\Local\MiKTeX\fonts/pk/ljfour/jknappen/ec/dpi
600\ecti1000.pk> <C:\Users\Thomas ARROUS\AppData\Local\MiKTeX\fonts/pk/ljfour/j
knappen/ec/dpi600\ecbx1000.pk> <C:\Users\Thomas ARROUS\AppData\Local\MiKTeX\fon
ts/pk/ljfour/jknappen/ec/dpi600\ecbx1440.pk> <C:\Users\Thomas ARROUS\AppData\Lo
cal\MiKTeX\fonts/pk/ljfour/jknappen/ec/dpi600\ecrm1200.pk> <C:\Users\Thomas ARR
OUS\AppData\Local\MiKTeX\fonts/pk/ljfour/jknappen/ec/dpi600\eccc1000.pk> <C:\Us
ers\Thomas ARROUS\AppData\Local\MiKTeX\fonts/pk/ljfour/jknappen/ec/dpi600\ecrm1
000.pk> <C:\Users\Thomas ARROUS\AppData\Local\MiKTeX\fonts/pk/ljfour/jknappen/e
c/dpi600\ecti1200.pk> <C:\Users\Thomas ARROUS\AppData\Local\MiKTeX\fonts/pk/ljf
our/jknappen/ec/dpi600\eccc1200.pk> <C:\Users\Thomas ARROUS\AppData\Local\MiKTe
X\fonts/pk/ljfour/jknappen/ec/dpi600\eccc1440.pk><C:/Users/Thomas ARROUS/AppDat
a/Local/Programs/MiKTeX/fonts/type1/public/amsfonts/cm/cmex10.pfb><C:/Users/Tho
mas ARROUS/AppData/Local/Programs/MiKTeX/fonts/type1/public/amsfonts/cm/cmmi10.
pfb><C:/Users/Thomas ARROUS/AppData/Local/Programs/MiKTeX/fonts/type1/public/am
sfonts/cm/cmmi5.pfb><C:/Users/Thomas ARROUS/AppData/Local/Programs/MiKTeX/fonts
/type1/public/amsfonts/cm/cmmi7.pfb><C:/Users/Thomas ARROUS/AppData/Local/Progr
ams/MiKTeX/fonts/type1/public/amsfonts/cm/cmr10.pfb><C:/Users/Thomas ARROUS/App
Data/Local/Programs/MiKTeX/fonts/type1/public/amsfonts/cm/cmr5.pfb><C:/Users/Th
omas ARROUS/AppData/Local/Programs/MiKTeX/fonts/type1/public/amsfonts/cm/cmr7.p
fb><C:/Users/Thomas ARROUS/AppData/Local/Programs/MiKTeX/fonts/type1/public/ams
fonts/cm/cmsy10.pfb><C:/Users/Thomas ARROUS/AppData/Local/Programs/MiKTeX/fonts
/type1/public/amsfonts/cm/cmsy5.pfb><C:/Users/Thomas ARROUS/AppData/Local/Progr
ams/MiKTeX/fonts/type1/public/amsfonts/cm/cmsy7.pfb><C:/Users/Thomas ARROUS/App
Data/Local/Programs/MiKTeX/fonts/type1/public/amsfonts/symbols/msbm10.pfb><C:/U
sers/Thomas ARROUS/AppData/Local/Programs/MiKTeX/fonts/type1/public/amsfonts/sy
mbols/msbm7.pfb>
Output written on Algebre-Notes.pdf (9 pages, 236038 bytes).
PDF statistics:
 474 PDF objects out of 1000 (max. 8388607)
 76 named destinations out of 1000 (max. 500000)
 17 words of extra memory for PDF output out of 10000 (max. 10000000)

